make all --print-data-base --no-builtin-variables --no-builtin-rules --question
# GNU Make 3.81
# Copyright (C) 2006  Free Software Foundation, Inc.
# This is free software; see the source for copying conditions.
# There is NO warranty; not even for MERCHANTABILITY or FITNESS FOR A
# PARTICULAR PURPOSE.

# This program built for i386-apple-darwin11.3.0
 

# Make data base, printed on Thu Jun  2 08:57:11 2022

# Variables

# automatic
<D = $(patsubst %/,%,$(dir $<))
# automatic
?F = $(notdir $?)
# environment
PROVIDE_FULLSTACK_ACTION = true
# environment
VSCODE_LOG_NATIVE = false
# automatic
?D = $(patsubst %/,%,$(dir $?))
# automatic
@D = $(patsubst %/,%,$(dir $@))
# automatic
@F = $(notdir $@)
# makefile
CURDIR := /Users/haoziyan/Desktop/code/github.com/ipfs-force-community/chain-co
# makefile
SHELL = /bin/sh
# environment
VSCODE_NLS_CONFIG = {"locale":"zh-cn","availableLanguages":{"*":"zh-cn"},"_languagePackId":"42e84e0914b17800d483f69e299e1b00.zh-cn","_translationsConfigFile":"/Users/haoziyan/Library/Application Support/Code/clp/42e84e0914b17800d483f69e299e1b00.zh-cn/tcf.json","_cacheRoot":"/Users/haoziyan/Library/Application Support/Code/clp/42e84e0914b17800d483f69e299e1b00.zh-cn","_resolvedLanguagePackCoreLocation":"/Users/haoziyan/Library/Application Support/Code/clp/42e84e0914b17800d483f69e299e1b00.zh-cn/c3511e6c69bb39013c4a4b7b9566ec1ca73fc4d5","_corruptedFile":"/Users/haoziyan/Library/Application Support/Code/clp/42e84e0914b17800d483f69e299e1b00.zh-cn/corrupted.info","_languagePackSupport":true}
# environment
_ = /usr/bin/make
# makefile (from `Makefile', line 1)
MAKEFILE_LIST :=  Makefile
# makefile (from `Makefile', line 29)
BUILD_DEPS = build-dep/.filecoin-install
 
# environment
VSCODE_AMD_ENTRYPOINT = vs/workbench/api/node/extensionHostProcess
# environment
VSCODE_VERBOSE_LOGGING = true
# makefile (from `Makefile', line 9)
ldflags = -X=github.com/ipfs-force-community/chain-co/version.CurrentCommit=+git.$(subst -,.,$(shell git describe --always --match=NeVeRmAtCh --dirty 2>/dev/null || git rev-parse --short HEAD 2>/dev/null))
# environment
__CFBundleIdentifier = com.microsoft.VSCode
# environment
VSCODE_IPC_HOOK_EXTHOST = /var/folders/sl/v6l49ppj3lj6nkxmwbglmncr0000gn/T/vscode-ipc-f5265450-ad6b-469b-ba25-e943c420b77a.sock
# environment
VSCODE_CWD = /
# environment
GOPROXY = https://goproxy.cn,direct
# environment
PATH = /Users/haoziyan/.cargo/bin:/usr/local/opt/openjdk/bin:/Users/haoziyan/Desktop/graphviz-2.49.2.tar.gz:/Users/haoziyan/go/bin:/usr/local/opt/mongodb-community@4.0/bin:/usr/local/sbin:/usr/local/bin:/usr/local/bin:/usr/bin:/bin:/usr/sbin:/sbin:/usr/local/go/bin
# environment
GOLANG_EXECUTABLE = go
# environment
THREE_SCALE_USER_TOKEN = 207c527cfc2a6b8dcf4fa43ad7a976da
# environment
GOPATH = /Users/haoziyan/go
# environment
VSCODE_LOG_STACK = false
# environment
ELECTRON_RUN_AS_NODE = 1
# default
.FEATURES := target-specific order-only second-expansion else-if archives jobserver check-symlink
# makefile (from `Makefile', line 28)
MODULES :=  extern/filecoin-ffi/
# environment
UUID = e6540fe3-ce43-4bd2-bbf4-ae64677ed3a6
# environment
SSH_AUTH_SOCK = /private/tmp/com.apple.launchd.zOxyENa5NI/Listeners
# automatic
%F = $(notdir $%)
# environment
VSCODE_PIPE_LOGGING = true
# environment
PWD = /Users/haoziyan/Desktop/code/github.com/ipfs-force-community/chain-co
# environment
ORIGINAL_XDG_CURRENT_DESKTOP = undefined
# environment
GOMODCACHE = /Users/haoziyan/go/pkg/mod
# environment
HOME = /Users/haoziyan
# default
MAKEFILEPATH = $(shell /usr/bin/xcode-select -print-path 2>/dev/null || echo /Developer)/Makefiles
# environment
VSCODE_CODE_CACHE_PATH = /Users/haoziyan/Library/Application Support/Code/CachedData/c3511e6c69bb39013c4a4b7b9566ec1ca73fc4d5
# environment
LOGNAME = haoziyan
# environment
APPLICATION_INSIGHTS_NO_DIAGNOSTIC_CHANNEL = 1
# environment
TELEMETRY_ID = a7083543-88ab-4b77-89e8-1cc9b8ee5923
# environment
VSCODE_HANDLES_UNCAUGHT_ERRORS = true
# automatic
^D = $(patsubst %/,%,$(dir $^))
# environment
XPC_FLAGS = 0x0
# default
MAKE = $(MAKE_COMMAND)
# default
MAKECMDGOALS := all
# environment
SHLVL = 2
# makefile (from `Makefile', line 30)
CLEAN = build-dep/.filecoin-install
# default
MAKE_VERSION := 3.81
# environment
USER = haoziyan
# makefile
.DEFAULT_GOAL := all
# environment
HOMEBREW_BOTTLE_DOMAIN = https://mirrors.ustc.edu.cn/homebrew-bottles
# automatic
%D = $(patsubst %/,%,$(dir $%))
# default
MAKE_COMMAND := /Library/Developer/CommandLineTools/usr/bin/make
# environment
UTM_SOURCE = vscode
# default
.VARIABLES := 
# environment
TMPDIR = /var/folders/sl/v6l49ppj3lj6nkxmwbglmncr0000gn/T/
# automatic
*F = $(notdir $*)
# environment
VSCODE_IPC_HOOK = /Users/haoziyan/Library/Application Support/Code/1.67.2-main.sock
# makefile (from `Makefile', line 18)
FFI_PATH := extern/filecoin-ffi/
# makefile
MAKEFLAGS = Rrqp
# environment
MFLAGS = -Rrqp
# automatic
*D = $(patsubst %/,%,$(dir $*))
# environment
XPC_SERVICE_NAME = application.com.microsoft.VSCode.45982922.45982928
# automatic
+D = $(patsubst %/,%,$(dir $+))
# environment
 
RECOMMENDER_API_URL = https://gw.api.openshift.io//api/v2
# automatic
+F = $(notdir $+)
# makefile (from `Makefile', line 20)
FFI_DEPS := extern/filecoin-ffi/.install-filcrypto
# environment
__CF_USER_TEXT_ENCODING = 0x1F5:0x19:0x34
# environment
COMMAND_MODE = unix2003
# default
MAKEFILES := 
# automatic
<F = $(notdir $<)
# makefile (from `Makefile', line 14)
GOFLAGS = -ldflags="$(ldflags)"
# environment
LC_ALL = C
# automatic
^F = $(notdir $^)
# default
SUFFIXES := 
# default
.INCLUDE_DIRS = /usr/local/include
# environment
MAKELEVEL := 0
# environment
LANG = C
# environment
VSCODE_PID = 17512
# variable set hash-table stats:
# Load=80/1024=8%, Rehash=0, Collisions=7/125=6%

# Pattern-specific Variable Values

# No pattern-specific variable values.

# Directories

# . (device 16777224, inode 18132663): 26 files, no impossibilities.

# 26 files, no impossibilities in 1 directories.

# Implicit Rules

# No implicit rules.

# Files

all: build
#  Phony target (prerequisite of .PHONY).
#  Command-line target.
#  Implicit rule search has not been done.
#  File does not exist.
#  File has been updated.
#  Needs to be updated (-q is set).
# variable set hash-table stats:
# Load=0/32=0%, Rehash=0, Collisions=0/6=0%

.PHONY: all
#  Implicit rule search has not been done.
#  Modification time never checked.
#  File has not been updated.

build-dep/.filecoin-install: extern/filecoin-ffi/
#  Implicit rule search has not been done.
#  Last modified 2022-02-23 16:54:03
#  File has been updated.
#  Successfully updated.
#  commands to execute (from `Makefile', line 25):
	$(MAKE) -C $(FFI_PATH) $(FFI_DEPS:$(FFI_PATH)%=%)
	@touch $@
	

# Not a target:
.SUFFIXES:
#  Implicit rule search has not been done.
#  Modification time never checked.
#  File has not been updated.

# Not a target:
Makefile:
#  Implicit rule search has been done.
#  Last modified 2022-05-23 15:45:03
#  File has been updated.
#  Successfully updated.
# variable set hash-table stats:
# Load=0/32=0%, Rehash=0, Collisions=0/0=0%

build-dep:
#  Implicit rule search has not been done.
#  Last modified 2022-02-23 14:26:58
#  File has been updated.
#  Successfully updated.
#  commands to execute (from `Makefile', line 34):
	mkdir $@
	

test:
#  Implicit rule search has not been done.
#  Modification time never checked.
#  File has not been updated.
#  commands to execute (from `Makefile', line 45):
	rm -rf models/test_sqlite_db*
	go test -race ./...
	

build: build-dep/.filecoin-install
#  Implicit rule search has not been done.
#  Implicit/static pattern stem: `'
#  File does not exist.
#  File has been updated.
#  Needs to be updated (-q is set).
# automatic
# @ := build
# automatic
# % := 
# automatic
# * := 
# automatic
# + := build-dep/.filecoin-install
# automatic
# | := 
# automatic
# < := build-dep/.filecoin-install
# automatic
# ^ := build-dep/.filecoin-install
# automatic
# ? := build-dep/.filecoin-install
# variable set hash-table stats:
# Load=8/32=25%, Rehash=0, Collisions=1/14=7%
#  commands to execute (from `Makefile', line 56):
	rm -f chain-ro
	go build -o ./chain-ro $(GOFLAGS) ./cmd
	

# Not a target:
.DEFAULT:
#  Implicit rule search has not been done.
#  Modification time never checked.
#  File has not been updated.
 

dist-clean:
#  Implicit rule search has not been done.
#  Modification time never checked.
#  File has not been updated.
#  commands to execute (from `Makefile', line 52):
	git clean -xdff
	git submodule deinit --all -f
	

lint: build-dep/.filecoin-install
#  Implicit rule search has not been done.
#  Modification time never checked.
#  File has not been updated.
#  commands to execute (from `Makefile', line 49):
	go run github.com/golangci/golangci-lint/cmd/golangci-lint run
	

extern/filecoin-ffi/.install-filcrypto: build-dep/.filecoin-install
#  Implicit rule search has not been done.
#  Modification time never checked.
#  File has not been updated.
#  commands to execute (from `Makefile', line 22):
	

build-dep/.update-modules: build-dep
#  Implicit rule search has not been done.
#  Last modified 2022-02-23 14:26:58
#  File has been updated.
#  Successfully updated.
#  commands to execute (from `Makefile', line 38):
	git submodule update --init --recursive
	touch $@
	

extern/filecoin-ffi/: build-dep/.update-modules
#  Implicit rule search has not been done.
#  Last modified 2022-02-23 16:54:03
#  File has been updated.
#  Successfully updated.
#  commands to execute (from `Makefile', line 36):
	

# files hash-table stats:
# Load=14/1024=1%, Rehash=0, Collisions=0/36=0%
# VPATH Search Paths

# No `vpath' search paths.

# No general (`VPATH' variable) search path.

# # of strings in strcache: 1
# # of strcache buffers: 1
# strcache size: total = 4096 / max = 4096 / min = 4096 / avg = 4096
# strcache free: total = 4087 / max = 4087 / min = 4087 / avg = 4087

# Finished Make data base on Thu Jun  2 08:57:11 2022

 
